Connecting to database specified by database.yml
Connecting to database specified by database.yml
  [1m[36m (0.2ms)[0m  [1mselect sqlite_version(*)[0m
  [1m[35m (58.1ms)[0m  CREATE TABLE "schema_migrations" ("version" varchar(255) NOT NULL) 
  [1m[36m (31.1ms)[0m  [1mCREATE UNIQUE INDEX "unique_schema_migrations" ON "schema_migrations" ("version")[0m
  [1m[35m (45.1ms)[0m  SELECT "schema_migrations"."version" FROM "schema_migrations" 
Migrating to CreateStatuses (20130508110400)
  [1m[36m (4.3ms)[0m  [1mbegin transaction[0m
  [1m[35m (13.9ms)[0m  CREATE TABLE "statuses" ("id" INTEGER PRIMARY KEY AUTOINCREMENT NOT NULL, "name" varchar(255), "content" text, "created_at" datetime NOT NULL, "updated_at" datetime NOT NULL) 
  [1m[36m (13.8ms)[0m  [1mINSERT INTO "schema_migrations" ("version") VALUES ('20130508110400')[0m
  [1m[35m (16.3ms)[0m  commit transaction
  [1m[36m (0.1ms)[0m  [1mSELECT "schema_migrations"."version" FROM "schema_migrations" [0m
Connecting to database specified by database.yml


Started GET "/assets/rails.png" for 127.9.127.1 at 2013-05-08 07:06:39 -0400
Served asset /rails.png - 200 OK (43ms)


Started GET "/STATUS" for 127.9.127.1 at 2013-05-08 07:12:01 -0400

ActionController::RoutingError (No route matches [GET] "/STATUS"):
  actionpack (3.2.13) lib/action_dispatch/middleware/debug_exceptions.rb:21:in `call'
  actionpack (3.2.13) lib/action_dispatch/middleware/show_exceptions.rb:56:in `call'
  railties (3.2.13) lib/rails/rack/logger.rb:32:in `call_app'
  railties (3.2.13) lib/rails/rack/logger.rb:16:in `block in call'
  activesupport (3.2.13) lib/active_support/tagged_logging.rb:22:in `tagged'
  railties (3.2.13) lib/rails/rack/logger.rb:16:in `call'
  actionpack (3.2.13) lib/action_dispatch/middleware/request_id.rb:22:in `call'
  rack (1.4.5) lib/rack/methodoverride.rb:21:in `call'
  rack (1.4.5) lib/rack/runtime.rb:17:in `call'
  activesupport (3.2.13) lib/active_support/cache/strategy/local_cache.rb:72:in `call'
  rack (1.4.5) lib/rack/lock.rb:15:in `call'
  actionpack (3.2.13) lib/action_dispatch/middleware/static.rb:63:in `call'
  railties (3.2.13) lib/rails/engine.rb:479:in `call'
  railties (3.2.13) lib/rails/application.rb:223:in `call'
  rack (1.4.5) lib/rack/content_length.rb:14:in `call'
  railties (3.2.13) lib/rails/rack/log_tailer.rb:17:in `call'
  rack (1.4.5) lib/rack/handler/webrick.rb:59:in `service'
  /opt/rh/ruby193/root/usr/share/ruby/webrick/httpserver.rb:138:in `service'
  /opt/rh/ruby193/root/usr/share/ruby/webrick/httpserver.rb:94:in `run'
  /opt/rh/ruby193/root/usr/share/ruby/webrick/server.rb:191:in `block in start_thread'


  Rendered /var/lib/stickshift/5183cbde4382ec220f000035/app-root/data/lib/ruby/gems/gems/actionpack-3.2.13/lib/action_dispatch/middleware/templates/rescues/routing_error.erb within rescues/layout (4.2ms)


Started GET "/status" for 127.9.127.1 at 2013-05-08 07:12:09 -0400

ActionController::RoutingError (No route matches [GET] "/status"):
  actionpack (3.2.13) lib/action_dispatch/middleware/debug_exceptions.rb:21:in `call'
  actionpack (3.2.13) lib/action_dispatch/middleware/show_exceptions.rb:56:in `call'
  railties (3.2.13) lib/rails/rack/logger.rb:32:in `call_app'
  railties (3.2.13) lib/rails/rack/logger.rb:16:in `block in call'
  activesupport (3.2.13) lib/active_support/tagged_logging.rb:22:in `tagged'
  railties (3.2.13) lib/rails/rack/logger.rb:16:in `call'
  actionpack (3.2.13) lib/action_dispatch/middleware/request_id.rb:22:in `call'
  rack (1.4.5) lib/rack/methodoverride.rb:21:in `call'
  rack (1.4.5) lib/rack/runtime.rb:17:in `call'
  activesupport (3.2.13) lib/active_support/cache/strategy/local_cache.rb:72:in `call'
  rack (1.4.5) lib/rack/lock.rb:15:in `call'
  actionpack (3.2.13) lib/action_dispatch/middleware/static.rb:63:in `call'
  railties (3.2.13) lib/rails/engine.rb:479:in `call'
  railties (3.2.13) lib/rails/application.rb:223:in `call'
  rack (1.4.5) lib/rack/content_length.rb:14:in `call'
  railties (3.2.13) lib/rails/rack/log_tailer.rb:17:in `call'
  rack (1.4.5) lib/rack/handler/webrick.rb:59:in `service'
  /opt/rh/ruby193/root/usr/share/ruby/webrick/httpserver.rb:138:in `service'
  /opt/rh/ruby193/root/usr/share/ruby/webrick/httpserver.rb:94:in `run'
  /opt/rh/ruby193/root/usr/share/ruby/webrick/server.rb:191:in `block in start_thread'


  Rendered /var/lib/stickshift/5183cbde4382ec220f000035/app-root/data/lib/ruby/gems/gems/actionpack-3.2.13/lib/action_dispatch/middleware/templates/rescues/routing_error.erb within rescues/layout (0.8ms)


Started GET "/statuses" for 127.9.127.1 at 2013-05-08 07:12:16 -0400
Processing by StatusesController#index as HTML
  [1m[36mStatus Load (0.1ms)[0m  [1mSELECT "statuses".* FROM "statuses" [0m
  Rendered statuses/index.html.erb within layouts/application (1.7ms)
Compiled scaffolds.css  (175ms)  (pid 1485)
Compiled statuses.css  (2ms)  (pid 1485)
Compiled application.css  (388ms)  (pid 1485)
Compiled jquery.js  (2ms)  (pid 1485)
Compiled jquery_ujs.js  (0ms)  (pid 1485)
Compiled statuses.js  (712ms)  (pid 1485)
Compiled application.js  (1325ms)  (pid 1485)
Completed 200 OK in 2524ms (Views: 2310.4ms | ActiveRecord: 3.2ms)


Started GET "/assets/jquery.js?body=1" for 127.9.127.1 at 2013-05-08 07:12:19 -0400
Served asset /jquery.js - 200 OK (9ms)


Started GET "/assets/scaffolds.css?body=1" for 127.9.127.1 at 2013-05-08 07:12:19 -0400
Served asset /scaffolds.css - 200 OK (3ms)


Started GET "/assets/application.js?body=1" for 127.9.127.1 at 2013-05-08 07:12:19 -0400
Served asset /application.js - 200 OK (96ms)


Started GET "/assets/jquery_ujs.js?body=1" for 127.9.127.1 at 2013-05-08 07:12:19 -0400
Served asset /jquery_ujs.js - 200 OK (3ms)


Started GET "/assets/statuses.css?body=1" for 127.9.127.1 at 2013-05-08 07:12:19 -0400
Served asset /statuses.css - 200 OK (69ms)


Started GET "/assets/statuses.js?body=1" for 127.9.127.1 at 2013-05-08 07:12:19 -0400
Served asset /statuses.js - 200 OK (1ms)


Started GET "/assets/application.css?body=1" for 127.9.127.1 at 2013-05-08 07:12:19 -0400
Served asset /application.css - 200 OK (5ms)


Started GET "/assets/application.js?body=1" for 127.9.127.1 at 2013-05-08 07:12:19 -0400
Served asset /application.js - 304 Not Modified (2ms)


Started GET "/assets/statuses.css?body=1" for 127.9.127.1 at 2013-05-08 07:12:19 -0400
Served asset /statuses.css - 304 Not Modified (0ms)


Started GET "/assets/statuses.js?body=1" for 127.9.127.1 at 2013-05-08 07:12:19 -0400
Served asset /statuses.js - 304 Not Modified (0ms)


Started GET "/assets/application.css?body=1" for 127.9.127.1 at 2013-05-08 07:12:19 -0400
Served asset /application.css - 304 Not Modified (1ms)


Started GET "/statuses/new" for 127.9.127.1 at 2013-05-08 07:12:21 -0400
Processing by StatusesController#new as HTML
  Rendered statuses/_form.html.erb (51.8ms)
  Rendered statuses/new.html.erb within layouts/application (105.8ms)
Completed 200 OK in 229ms (Views: 218.1ms | ActiveRecord: 0.0ms)


Started POST "/statuses" for 127.9.127.1 at 2013-05-08 07:12:28 -0400
Processing by StatusesController#create as HTML
  Parameters: {"utf8"=>"✓", "authenticity_token"=>"oOaGia22H98ss+DozJWdFv6LRdRoaBlhOxu5tcMf/E4=", "status"=>{"name"=>"james", "content"=>"ok"}, "commit"=>"Create Status"}
  [1m[35m (0.2ms)[0m  begin transaction
  [1m[36mSQL (163.3ms)[0m  [1mINSERT INTO "statuses" ("content", "created_at", "name", "updated_at") VALUES (?, ?, ?, ?)[0m  [["content", "ok"], ["created_at", Wed, 08 May 2013 11:12:28 UTC +00:00], ["name", "james"], ["updated_at", Wed, 08 May 2013 11:12:28 UTC +00:00]]
  [1m[35m (13.3ms)[0m  commit transaction
Redirected to http://project-livec995d8fcd639.rhcloud.com/statuses/1
Completed 302 Found in 189ms (ActiveRecord: 176.8ms)


Started GET "/statuses/1" for 127.9.127.1 at 2013-05-08 07:12:29 -0400
Processing by StatusesController#show as HTML
  Parameters: {"id"=>"1"}
  [1m[36mStatus Load (0.3ms)[0m  [1mSELECT "statuses".* FROM "statuses" WHERE "statuses"."id" = ? LIMIT 1[0m  [["id", "1"]]
  Rendered statuses/show.html.erb within layouts/application (1.4ms)
Completed 200 OK in 78ms (Views: 73.5ms | ActiveRecord: 0.3ms)
Connecting to database specified by database.yml
Connecting to database specified by database.yml


Started GET "/assets/rails.png" for 127.9.127.1 at 2013-05-08 07:52:30 -0400
Served asset /rails.png - 304 Not Modified (2ms)


Started GET "/statuses" for 127.9.127.1 at 2013-05-08 07:52:35 -0400
Processing by StatusesController#index as HTML
  [1m[36mStatus Load (0.2ms)[0m  [1mSELECT "statuses".* FROM "statuses" [0m
  Rendered statuses/index.html.erb within layouts/application (95.3ms)
Completed 200 OK in 533ms (Views: 229.2ms | ActiveRecord: 68.4ms)


Started GET "/assets/scaffolds.css?body=1" for 127.9.127.1 at 2013-05-08 07:52:36 -0400
Served asset /scaffolds.css - 304 Not Modified (2ms)


Started GET "/assets/statuses.css?body=1" for 127.9.127.1 at 2013-05-08 07:52:36 -0400
Served asset /statuses.css - 304 Not Modified (5ms)


Started GET "/assets/application.css?body=1" for 127.9.127.1 at 2013-05-08 07:52:36 -0400
Served asset /application.css - 304 Not Modified (9ms)


Started GET "/assets/jquery.js?body=1" for 127.9.127.1 at 2013-05-08 07:52:36 -0400
Served asset /jquery.js - 304 Not Modified (98ms)


Started GET "/assets/application.js?body=1" for 127.9.127.1 at 2013-05-08 07:52:36 -0400
Served asset /application.js - 304 Not Modified (8ms)


Started GET "/assets/statuses.js?body=1" for 127.9.127.1 at 2013-05-08 07:52:36 -0400
Served asset /statuses.js - 304 Not Modified (2ms)


Started GET "/assets/jquery_ujs.js?body=1" for 127.9.127.1 at 2013-05-08 07:52:36 -0400
Served asset /jquery_ujs.js - 304 Not Modified (3ms)


Started GET "/STATUS" for 127.9.127.1 at 2013-05-08 07:54:21 -0400

ActionController::RoutingError (No route matches [GET] "/STATUS"):
  actionpack (3.2.13) lib/action_dispatch/middleware/debug_exceptions.rb:21:in `call'
  actionpack (3.2.13) lib/action_dispatch/middleware/show_exceptions.rb:56:in `call'
  railties (3.2.13) lib/rails/rack/logger.rb:32:in `call_app'
  railties (3.2.13) lib/rails/rack/logger.rb:16:in `block in call'
  activesupport (3.2.13) lib/active_support/tagged_logging.rb:22:in `tagged'
  railties (3.2.13) lib/rails/rack/logger.rb:16:in `call'
  actionpack (3.2.13) lib/action_dispatch/middleware/request_id.rb:22:in `call'
  rack (1.4.5) lib/rack/methodoverride.rb:21:in `call'
  rack (1.4.5) lib/rack/runtime.rb:17:in `call'
  activesupport (3.2.13) lib/active_support/cache/strategy/local_cache.rb:72:in `call'
  rack (1.4.5) lib/rack/lock.rb:15:in `call'
  actionpack (3.2.13) lib/action_dispatch/middleware/static.rb:63:in `call'
  railties (3.2.13) lib/rails/engine.rb:479:in `call'
  railties (3.2.13) lib/rails/application.rb:223:in `call'
  rack (1.4.5) lib/rack/content_length.rb:14:in `call'
  railties (3.2.13) lib/rails/rack/log_tailer.rb:17:in `call'
  rack (1.4.5) lib/rack/handler/webrick.rb:59:in `service'
  /opt/rh/ruby193/root/usr/share/ruby/webrick/httpserver.rb:138:in `service'
  /opt/rh/ruby193/root/usr/share/ruby/webrick/httpserver.rb:94:in `run'
  /opt/rh/ruby193/root/usr/share/ruby/webrick/server.rb:191:in `block in start_thread'


  Rendered /var/lib/stickshift/5183cbde4382ec220f000035/app-root/data/lib/ruby/gems/gems/actionpack-3.2.13/lib/action_dispatch/middleware/templates/rescues/routing_error.erb within rescues/layout (1.5ms)


Started GET "/STATUSes" for 127.9.127.1 at 2013-05-08 07:54:25 -0400

ActionController::RoutingError (No route matches [GET] "/STATUSes"):
  actionpack (3.2.13) lib/action_dispatch/middleware/debug_exceptions.rb:21:in `call'
  actionpack (3.2.13) lib/action_dispatch/middleware/show_exceptions.rb:56:in `call'
  railties (3.2.13) lib/rails/rack/logger.rb:32:in `call_app'
  railties (3.2.13) lib/rails/rack/logger.rb:16:in `block in call'
  activesupport (3.2.13) lib/active_support/tagged_logging.rb:22:in `tagged'
  railties (3.2.13) lib/rails/rack/logger.rb:16:in `call'
  actionpack (3.2.13) lib/action_dispatch/middleware/request_id.rb:22:in `call'
  rack (1.4.5) lib/rack/methodoverride.rb:21:in `call'
  rack (1.4.5) lib/rack/runtime.rb:17:in `call'
  activesupport (3.2.13) lib/active_support/cache/strategy/local_cache.rb:72:in `call'
  rack (1.4.5) lib/rack/lock.rb:15:in `call'
  actionpack (3.2.13) lib/action_dispatch/middleware/static.rb:63:in `call'
  railties (3.2.13) lib/rails/engine.rb:479:in `call'
  railties (3.2.13) lib/rails/application.rb:223:in `call'
  rack (1.4.5) lib/rack/content_length.rb:14:in `call'
  railties (3.2.13) lib/rails/rack/log_tailer.rb:17:in `call'
  rack (1.4.5) lib/rack/handler/webrick.rb:59:in `service'
  /opt/rh/ruby193/root/usr/share/ruby/webrick/httpserver.rb:138:in `service'
  /opt/rh/ruby193/root/usr/share/ruby/webrick/httpserver.rb:94:in `run'
  /opt/rh/ruby193/root/usr/share/ruby/webrick/server.rb:191:in `block in start_thread'


  Rendered /var/lib/stickshift/5183cbde4382ec220f000035/app-root/data/lib/ruby/gems/gems/actionpack-3.2.13/lib/action_dispatch/middleware/templates/rescues/routing_error.erb within rescues/layout (0.8ms)


Started GET "/statuses" for 127.9.127.1 at 2013-05-08 07:54:30 -0400
Processing by StatusesController#index as HTML
  [1m[35mStatus Load (0.2ms)[0m  SELECT "statuses".* FROM "statuses" 
  Rendered statuses/index.html.erb within layouts/application (1.5ms)
Completed 200 OK in 87ms (Views: 85.4ms | ActiveRecord: 0.2ms)


Started GET "/statuses/1" for 127.9.127.1 at 2013-05-08 07:54:32 -0400
Processing by StatusesController#show as HTML
  Parameters: {"id"=>"1"}
  [1m[36mStatus Load (0.4ms)[0m  [1mSELECT "statuses".* FROM "statuses" WHERE "statuses"."id" = ? LIMIT 1[0m  [["id", "1"]]
  Rendered statuses/show.html.erb within layouts/application (1.5ms)
Completed 200 OK in 163ms (Views: 158.9ms | ActiveRecord: 0.4ms)


Started GET "/statuses/1/edit" for 127.9.127.1 at 2013-05-08 07:54:34 -0400
Processing by StatusesController#edit as HTML
  Parameters: {"id"=>"1"}
  [1m[35mStatus Load (0.2ms)[0m  SELECT "statuses".* FROM "statuses" WHERE "statuses"."id" = ? LIMIT 1  [["id", "1"]]
  Rendered statuses/_form.html.erb (15.1ms)
  Rendered statuses/edit.html.erb within layouts/application (21.4ms)
Completed 200 OK in 126ms (Views: 123.9ms | ActiveRecord: 0.2ms)


Started PUT "/statuses/1" for 127.9.127.1 at 2013-05-08 07:54:41 -0400
Processing by StatusesController#update as HTML
  Parameters: {"utf8"=>"✓", "authenticity_token"=>"oOaGia22H98ss+DozJWdFv6LRdRoaBlhOxu5tcMf/E4=", "status"=>{"name"=>"james", "content"=>"hello world"}, "commit"=>"Update Status", "id"=>"1"}
  [1m[36mStatus Load (0.2ms)[0m  [1mSELECT "statuses".* FROM "statuses" WHERE "statuses"."id" = ? LIMIT 1[0m  [["id", "1"]]
  [1m[35m (0.8ms)[0m  begin transaction
  [1m[36m (81.3ms)[0m  [1mUPDATE "statuses" SET "content" = 'hello world', "updated_at" = '2013-05-08 11:54:41.909618' WHERE "statuses"."id" = 1[0m
  [1m[35m (12.3ms)[0m  commit transaction
Redirected to http://project-livec995d8fcd639.rhcloud.com/statuses/1
Completed 302 Found in 115ms (ActiveRecord: 94.5ms)


Started GET "/statuses/1" for 127.9.127.1 at 2013-05-08 07:54:42 -0400
Processing by StatusesController#show as HTML
  Parameters: {"id"=>"1"}
  [1m[36mStatus Load (0.2ms)[0m  [1mSELECT "statuses".* FROM "statuses" WHERE "statuses"."id" = ? LIMIT 1[0m  [["id", "1"]]
  Rendered statuses/show.html.erb within layouts/application (0.7ms)
Completed 200 OK in 44ms (Views: 42.2ms | ActiveRecord: 0.2ms)


Started GET "/assets/statuses.css?body=1" for 127.9.127.1 at 2013-05-08 07:57:13 -0400
Served asset /statuses.css - 304 Not Modified (0ms)


Started GET "/assets/rails.png" for 127.9.127.1 at 2013-05-08 07:57:27 -0400
Served asset /rails.png - 304 Not Modified (0ms)
